[01m[K/home/juan/catkin_ws_2/src/robmovil_ekf/src/localizer_ekf.cpp:[m[K In member function â€˜[01m[Kvirtual void robmovil_ekf::LocalizerEKF::makeH()[m[Kâ€™:
[01m[K/home/juan/catkin_ws_2/src/robmovil_ekf/src/localizer_ekf.cpp:169:15:[m[K [01;31m[Kerror: [m[Kâ€˜[01m[Krelative_landmark[m[Kâ€™ was not declared in this scope
     H(1,1) = -relative_landmark.getX() / sqrt(relative_landmark.getX()*relative_landmark.getX() + relative_landmark.getY()*relative_landmark.getY());
[01;32m[K               ^[m[K
make[2]: *** [CMakeFiles/localizer.dir/src/localizer_ekf.cpp.o] Error 1
make[1]: *** [CMakeFiles/localizer.dir/all] Error 2
make: *** [all] Error 2
