[01m[K/home/juan/catkin_ws_2/src/robmovil_ekf/src/localizer_ekf.cpp:[m[K In member function â€˜[01m[Ktf::Point robmovil_ekf::LocalizerEKF::measure2landmark(const Vector&)[m[Kâ€™:
[01m[K/home/juan/catkin_ws_2/src/robmovil_ekf/src/localizer_ekf.cpp:288:46:[m[K [01;31m[Kerror: [m[Kâ€˜[01m[Klandmark_x_robot[m[Kâ€™ was not declared in this scope
   double landmark_rot_x = cos(robot_theta) * landmark_x_robot - sin(robot_theta) * landmark_y_robot;
[01;32m[K                                              ^[m[K
[01m[K/home/juan/catkin_ws_2/src/robmovil_ekf/src/localizer_ekf.cpp:288:84:[m[K [01;31m[Kerror: [m[Kâ€˜[01m[Klandmark_y_robot[m[Kâ€™ was not declared in this scope
   double landmark_rot_x = cos(robot_theta) * landmark_x_robot - sin(robot_theta) * landmark_y_robot;
[01;32m[K                                                                                    ^[m[K
make[2]: *** [CMakeFiles/localizer.dir/src/localizer_ekf.cpp.o] Error 1
make[1]: *** [CMakeFiles/localizer.dir/all] Error 2
make: *** [all] Error 2
